CRITICAL - 2023-11-09 13:51:39 --> Invalid file: "homepage.php"
in SYSTEMPATH\Exceptions\FrameworkException.php on line 39.
 1 SYSTEMPATH\View\View.php(216): CodeIgniter\Exceptions\FrameworkException::forInvalidFile('homepage.php')
 2 SYSTEMPATH\Common.php(1190): CodeIgniter\View\View->render('homepage', [], true)
 3 APPPATH\Controllers\HomePage.php(11): view('homepage')
 4 SYSTEMPATH\CodeIgniter.php(942): App\Controllers\HomePage->index()
 5 SYSTEMPATH\CodeIgniter.php(502): CodeIgniter\CodeIgniter->runController(Object(App\Controllers\HomePage))
 6 SYSTEMPATH\CodeIgniter.php(361): CodeIgniter\CodeIgniter->handleRequest(null, Object(Config\Cache), false)
 7 FCPATH\index.php(79): CodeIgniter\CodeIgniter->run()
 8 SYSTEMPATH\Commands\Server\rewrite.php(47): require_once('D:\\Codeigniter\\sims-ppob\\public\\index.php')
CRITICAL - 2023-11-09 13:52:29 --> Invalid file: "homepage.php"
in SYSTEMPATH\Exceptions\FrameworkException.php on line 39.
 1 SYSTEMPATH\View\View.php(216): CodeIgniter\Exceptions\FrameworkException::forInvalidFile('homepage.php')
 2 SYSTEMPATH\Common.php(1190): CodeIgniter\View\View->render('homepage', [], true)
 3 APPPATH\Controllers\HomePage.php(11): view('homepage')
 4 SYSTEMPATH\CodeIgniter.php(942): App\Controllers\HomePage->index()
 5 SYSTEMPATH\CodeIgniter.php(502): CodeIgniter\CodeIgniter->runController(Object(App\Controllers\HomePage))
 6 SYSTEMPATH\CodeIgniter.php(361): CodeIgniter\CodeIgniter->handleRequest(null, Object(Config\Cache), false)
 7 FCPATH\index.php(79): CodeIgniter\CodeIgniter->run()
 8 SYSTEMPATH\Commands\Server\rewrite.php(47): require_once('D:\\Codeigniter\\sims-ppob\\public\\index.php')
CRITICAL - 2023-11-09 15:44:18 --> Undefined variable $env
in APPPATH\Views\auth\login.php on line 110.
 1 APPPATH\Views\auth\login.php(110): CodeIgniter\Debug\Exceptions->errorHandler(2, 'Undefined variable $env', 'D:\\Codeigniter\\sims-ppob\\app\\Views\\auth\\login.php', 110)
 2 SYSTEMPATH\View\View.php(228): include('D:\\Codeigniter\\sims-ppob\\app\\Views\\auth\\login.php')
 3 SYSTEMPATH\View\View.php(231): CodeIgniter\View\View->CodeIgniter\View\{closure}()
 4 SYSTEMPATH\Common.php(1190): CodeIgniter\View\View->render('auth/login', [], true)
 5 APPPATH\Controllers\Registration.php(16): view('auth/login')
 6 SYSTEMPATH\CodeIgniter.php(942): App\Controllers\Registration->login()
 7 SYSTEMPATH\CodeIgniter.php(502): CodeIgniter\CodeIgniter->runController(Object(App\Controllers\Registration))
 8 SYSTEMPATH\CodeIgniter.php(361): CodeIgniter\CodeIgniter->handleRequest(null, Object(Config\Cache), false)
 9 FCPATH\index.php(79): CodeIgniter\CodeIgniter->run()
10 SYSTEMPATH\Commands\Server\rewrite.php(47): require_once('D:\\Codeigniter\\sims-ppob\\public\\index.php')
CRITICAL - 2023-11-09 15:44:28 --> Undefined variable $env
in APPPATH\Views\auth\login.php on line 110.
 1 APPPATH\Views\auth\login.php(110): CodeIgniter\Debug\Exceptions->errorHandler(2, 'Undefined variable $env', 'D:\\Codeigniter\\sims-ppob\\app\\Views\\auth\\login.php', 110)
 2 SYSTEMPATH\View\View.php(228): include('D:\\Codeigniter\\sims-ppob\\app\\Views\\auth\\login.php')
 3 SYSTEMPATH\View\View.php(231): CodeIgniter\View\View->CodeIgniter\View\{closure}()
 4 SYSTEMPATH\Common.php(1190): CodeIgniter\View\View->render('auth/login', [], true)
 5 APPPATH\Controllers\Registration.php(16): view('auth/login')
 6 SYSTEMPATH\CodeIgniter.php(942): App\Controllers\Registration->login()
 7 SYSTEMPATH\CodeIgniter.php(502): CodeIgniter\CodeIgniter->runController(Object(App\Controllers\Registration))
 8 SYSTEMPATH\CodeIgniter.php(361): CodeIgniter\CodeIgniter->handleRequest(null, Object(Config\Cache), false)
 9 FCPATH\index.php(79): CodeIgniter\CodeIgniter->run()
10 SYSTEMPATH\Commands\Server\rewrite.php(47): require_once('D:\\Codeigniter\\sims-ppob\\public\\index.php')
